current directory: /home/runner/work/r-ml-tabular-data/r-ml-tabular-data/.vendor/bundle/ruby/2.7.0/gems/unf_ext-0.0.8/ext/unf_ext
/opt/hostedtoolcache/Ruby/2.7.5/x64/bin/ruby -I /opt/hostedtoolcache/Ruby/2.7.5/x64/lib/ruby/2.7.0 -r ./siteconf20220204-11647-1uyh818.rb extconf.rb
checking for -lstdc++... yes
creating Makefile

current directory: /home/runner/work/r-ml-tabular-data/r-ml-tabular-data/.vendor/bundle/ruby/2.7.0/gems/unf_ext-0.0.8/ext/unf_ext
make "DESTDIR=" clean
make[1]: Entering directory '/home/runner/work/r-ml-tabular-data/r-ml-tabular-data/.vendor/bundle/ruby/2.7.0/gems/unf_ext-0.0.8/ext/unf_ext'
Makefile:175: warning: overriding recipe for target 'clean'
êΩâ≈FV:175: warning: ignoring old recipe for target 'clean'
Makefile:182: warning: overriding recipe for target 'distclean'
êΩâ≈FV:182: warning: ignoring old recipe for target 'distclean'
Makefile:190: warning: overriding recipe for target 'install-so'
êΩâ≈FV:190: warning: ignoring old recipe for target 'install-so'
Makefile:200: warning: overriding recipe for target 'pre-install-rb-default'
êΩâ≈FV:200: warning: ignoring old recipe for target 'pre-install-rb-default'
Makefile:202: warning: overriding recipe for target '.sitearchdir.time'
êΩâ≈FV:202: warning: ignoring old recipe for target '.sitearchdir.time'
Makefile:212: warning: overriding recipe for target '.cc.o'
êΩâ≈FV:212: warning: ignoring old recipe for target '.cc.o'
Makefile:216: warning: overriding recipe for target '.cc.S'
êΩâ≈FV:216: warning: ignoring old recipe for target '.cc.S'
Makefile:220: warning: overriding recipe for target '.mm.o'
êΩâ≈FV:220: warning: ignoring old recipe for target '.mm.o'
Makefile:224: warning: overriding recipe for target '.mm.S'
êΩâ≈FV:224: warning: ignoring old recipe for target '.mm.S'
Makefile:228: warning: overriding recipe for target '.cxx.o'
êΩâ≈FV:228: warning: ignoring old recipe for target '.cxx.o'
Makefile:232: warning: overriding recipe for target '.cxx.S'
êΩâ≈FV:232: warning: ignoring old recipe for target '.cxx.S'
Makefile:236: warning: overriding recipe for target '.cpp.o'
êΩâ≈FV:236: warning: ignoring old recipe for target '.cpp.o'
Makefile:240: warning: overriding recipe for target '.cpp.S'
êΩâ≈FV:240: warning: ignoring old recipe for target '.cpp.S'
Makefile:244: warning: overriding recipe for target '.c.o'
êΩâ≈FV:244: warning: ignoring old recipe for target '.c.o'
Makefile:248: warning: overriding recipe for target '.c.S'
êΩâ≈FV:248: warning: ignoring old recipe for target '.c.S'
Makefile:252: warning: overriding recipe for target '.m.o'
êΩâ≈FV:252: warning: ignoring old recipe for target '.m.o'
Makefile:256: warning: overriding recipe for target '.m.S'
êΩâ≈FV:256: warning: ignoring old recipe for target '.m.S'
Makefile:260: warning: overriding recipe for target 'unf_ext.so'
êΩâ≈FV:260: warning: ignoring old recipe for target 'unf_ext.so'
make[1]: Leaving directory '/home/runner/work/r-ml-tabular-data/r-ml-tabular-data/.vendor/bundle/ruby/2.7.0/gems/unf_ext-0.0.8/ext/unf_ext'

current directory: /home/runner/work/r-ml-tabular-data/r-ml-tabular-data/.vendor/bundle/ruby/2.7.0/gems/unf_ext-0.0.8/ext/unf_ext
make "DESTDIR="
make[1]: Entering directory '/home/runner/work/r-ml-tabular-data/r-ml-tabular-data/.vendor/bundle/ruby/2.7.0/gems/unf_ext-0.0.8/ext/unf_ext'
Makefile:175: warning: overriding recipe for target 'clean'
êb-5V:175: warning: ignoring old recipe for target 'clean'
Makefile:182: warning: overriding recipe for target 'distclean'
êb-5V:182: warning: ignoring old recipe for target 'distclean'
Makefile:190: warning: overriding recipe for target 'install-so'
êb-5V:190: warning: ignoring old recipe for target 'install-so'
Makefile:200: warning: overriding recipe for target 'pre-install-rb-default'
êb-5V:200: warning: ignoring old recipe for target 'pre-install-rb-default'
Makefile:202: warning: overriding recipe for target '.sitearchdir.time'
êb-5V:202: warning: ignoring old recipe for target '.sitearchdir.time'
Makefile:212: warning: overriding recipe for target '.cc.o'
êb-5V:212: warning: ignoring old recipe for target '.cc.o'
Makefile:216: warning: overriding recipe for target '.cc.S'
êb-5V:216: warning: ignoring old recipe for target '.cc.S'
Makefile:220: warning: overriding recipe for target '.mm.o'
êb-5V:220: warning: ignoring old recipe for target '.mm.o'
Makefile:224: warning: overriding recipe for target '.mm.S'
êb-5V:224: warning: ignoring old recipe for target '.mm.S'
Makefile:228: warning: overriding recipe for target '.cxx.o'
êb-5V:228: warning: ignoring old recipe for target '.cxx.o'
Makefile:232: warning: overriding recipe for target '.cxx.S'
êb-5V:232: warning: ignoring old recipe for target '.cxx.S'
Makefile:236: warning: overriding recipe for target '.cpp.o'
êb-5V:236: warning: ignoring old recipe for target '.cpp.o'
Makefile:240: warning: overriding recipe for target '.cpp.S'
êb-5V:240: warning: ignoring old recipe for target '.cpp.S'
Makefile:244: warning: overriding recipe for target '.c.o'
êb-5V:244: warning: ignoring old recipe for target '.c.o'
Makefile:248: warning: overriding recipe for target '.c.S'
êb-5V:248: warning: ignoring old recipe for target '.c.S'
Makefile:252: warning: overriding recipe for target '.m.o'
êb-5V:252: warning: ignoring old recipe for target '.m.o'
Makefile:256: warning: overriding recipe for target '.m.S'
êb-5V:256: warning: ignoring old recipe for target '.m.S'
Makefile:260: warning: overriding recipe for target 'unf_ext.so'
êb-5V:260: warning: ignoring old recipe for target 'unf_ext.so'
compiling unf.cc
linking shared-object unf_ext.so
make[1]: Leaving directory '/home/runner/work/r-ml-tabular-data/r-ml-tabular-data/.vendor/bundle/ruby/2.7.0/gems/unf_ext-0.0.8/ext/unf_ext'

current directory: /home/runner/work/r-ml-tabular-data/r-ml-tabular-data/.vendor/bundle/ruby/2.7.0/gems/unf_ext-0.0.8/ext/unf_ext
make "DESTDIR=" install
make[1]: Entering directory '/home/runner/work/r-ml-tabular-data/r-ml-tabular-data/.vendor/bundle/ruby/2.7.0/gems/unf_ext-0.0.8/ext/unf_ext'
Makefile:175: warning: overriding recipe for target 'clean'
ê}ZY:V:175: warning: ignoring old recipe for target 'clean'
Makefile:182: warning: overriding recipe for target 'distclean'
ê}ZY:V:182: warning: ignoring old recipe for target 'distclean'
Makefile:190: warning: overriding recipe for target 'install-so'
ê}ZY:V:190: warning: ignoring old recipe for target 'install-so'
Makefile:200: warning: overriding recipe for target 'pre-install-rb-default'
ê}ZY:V:200: warning: ignoring old recipe for target 'pre-install-rb-default'
Makefile:202: warning: overriding recipe for target '.sitearchdir.time'
ê}ZY:V:202: warning: ignoring old recipe for target '.sitearchdir.time'
Makefile:212: warning: overriding recipe for target '.cc.o'
ê}ZY:V:212: warning: ignoring old recipe for target '.cc.o'
Makefile:216: warning: overriding recipe for target '.cc.S'
ê}ZY:V:216: warning: ignoring old recipe for target '.cc.S'
Makefile:220: warning: overriding recipe for target '.mm.o'
ê}ZY:V:220: warning: ignoring old recipe for target '.mm.o'
Makefile:224: warning: overriding recipe for target '.mm.S'
ê}ZY:V:224: warning: ignoring old recipe for target '.mm.S'
Makefile:228: warning: overriding recipe for target '.cxx.o'
ê}ZY:V:228: warning: ignoring old recipe for target '.cxx.o'
Makefile:232: warning: overriding recipe for target '.cxx.S'
ê}ZY:V:232: warning: ignoring old recipe for target '.cxx.S'
Makefile:236: warning: overriding recipe for target '.cpp.o'
ê}ZY:V:236: warning: ignoring old recipe for target '.cpp.o'
Makefile:240: warning: overriding recipe for target '.cpp.S'
ê}ZY:V:240: warning: ignoring old recipe for target '.cpp.S'
Makefile:244: warning: overriding recipe for target '.c.o'
ê}ZY:V:244: warning: ignoring old recipe for target '.c.o'
Makefile:248: warning: overriding recipe for target '.c.S'
ê}ZY:V:248: warning: ignoring old recipe for target '.c.S'
Makefile:252: warning: overriding recipe for target '.m.o'
ê}ZY:V:252: warning: ignoring old recipe for target '.m.o'
Makefile:256: warning: overriding recipe for target '.m.S'
ê}ZY:V:256: warning: ignoring old recipe for target '.m.S'
Makefile:260: warning: overriding recipe for target 'unf_ext.so'
ê}ZY:V:260: warning: ignoring old recipe for target 'unf_ext.so'
/usr/bin/install -c -m 0755 unf_ext.so ./.gem.20220204-11647-ttgci8
make[1]: Leaving directory '/home/runner/work/r-ml-tabular-data/r-ml-tabular-data/.vendor/bundle/ruby/2.7.0/gems/unf_ext-0.0.8/ext/unf_ext'
